<?xml version="1.0" encoding="UTF-8" ?>
<testsuite tests="1" failures="0" name="com.luo.MavenHello.AppTest" time="0.009" errors="1" skipped="0">
  <properties>
[...]
</properties>
  <testcase classname="com.luo.MavenHello.AppTest" name="testApp" time="0.009">
    <error message="org/easymock/EasyMock" type="java.lang.NoClassDefFoundError">java.lang.NoClassDefFoundError: org/easymock/EasyMock
	at com.luo.MavenHello.AppTest.testApp(AppTest.java:42)
Caused by: java.lang.ClassNotFoundException: org.easymock.EasyMock
	at java.net.URLClassLoader.findClass(URLClassLoader.java:381)
	at java.lang.ClassLoader.loadClass(ClassLoader.java:424)
	at sun.misc.Launcher$AppClassLoader.loadClass(Launcher.java:331)
	at java.lang.ClassLoader.loadClass(ClassLoader.java:357)
	... 29 more
</error>
  </testcase>
</testsuite>